Unable to capture context for thread 7304 in process 13956, can not generate back trace
Exception at PC 0x00007FFF442DBB93
Printing stacktrace...

[0]  [0x00007FFF442DBB93]
[1]  [0x00007FFF442DBB93]
[2]  [0x00007FFF442DB4A1]
[3]  [0x00007FFF442DB3EF]
[4]  [0x00007FFF442C19FE]
[5]  [0x00007FFF442C0ED1]
[6]  [0x00007FFF442C0D76]
[7]  [0x00007FFF442679F6]
[8]  [0x00007FFF44257AFB]
[9]  [0x00007FFF4437E90A]
[10]  [0x00007FFF44399F87]
[11]  [0x00007FFF4439A05F]
[12] (BaseThreadInitThunk+0x14) [0x00007FFFF1A27034]
[13] (RtlUserThreadStart+0x21) [0x00007FFFF2042651]
Done
Unable to capture context for thread 3932 in process 13956, can not generate back trace
Exception at PC 0x00007FFF43FE1A52
Attemped to write at address 0x00007FFF76BEABA4
Printing stacktrace...

[0]  [0x00007FFF43FE1A52]
[1]  [0x00007FFF43FE1A52]
[2]  [0x00007FFF43FE1AD4]
[3]  [0x00007FFF44123FF7]
[4]  [0x00007FFF44009128]
[5]  [0x00007FFF442BDFB9]
[6]  [0x00007FFF4448EF23]
[7]  [0x00007FFF4439B06B]
[8]  [0x00007FFF443908AF]
[9]  [0x00007FFF44390A32]
[10] (RtlActivateActivationContextUnsafeFast+0x11d) [0x00007FFFF2009A1D]
[11] (LdrShutdownProcess+0x141) [0x00007FFFF204DB91]
[12] (RtlExitUserProcess+0xad) [0x00007FFFF204DA2D]
[13] (FatalExit+0xb) [0x00007FFFF1A2E0AB]
[14] (exit+0x85) [0x00007FFFF0C0A155]
[15] (initterm_e+0x245) [0x00007FFFF0C0A7C5]
[16]  [0x00000000004014CD]
[17]  [0x000000000040151B]
[18] (BaseThreadInitThunk+0x14) [0x00007FFFF1A27034]
[19] (RtlUserThreadStart+0x21) [0x00007FFFF2042651]
Done
